c:\users\elena\onedrive\documente\limbaje-info\proiecte_cv\bank_system1.0\x64\debug\sqlite3.dll
c:\users\elena\onedrive\documente\limbaje-info\proiecte_cv\bank_system1.0\bank_system1.0\x64\debug\vc143.pdb
c:\users\elena\onedrive\documente\limbaje-info\proiecte_cv\bank_system1.0\bank_system1.0\x64\debug\vc143.idb
c:\users\elena\onedrive\documente\limbaje-info\proiecte_cv\bank_system1.0\bank_system1.0\x64\debug\customer.obj
c:\users\elena\onedrive\documente\limbaje-info\proiecte_cv\bank_system1.0\bank_system1.0\x64\debug\banksystem.obj
c:\users\elena\onedrive\documente\limbaje-info\proiecte_cv\bank_system1.0\bank_system1.0\x64\debug\bank.obj
c:\users\elena\onedrive\documente\limbaje-info\proiecte_cv\bank_system1.0\bank_system1.0\x64\debug\account.obj
c:\users\elena\onedrive\documente\limbaje-info\proiecte_cv\bank_system1.0\bank_system1.0\x64\debug\databasehandler.obj
c:\users\elena\onedrive\documente\limbaje-info\proiecte_cv\bank_system1.0\x64\debug\bank_system1.0.exe
c:\users\elena\onedrive\documente\limbaje-info\proiecte_cv\bank_system1.0\x64\debug\bank_system1.0.pdb
c:\users\elena\onedrive\documente\limbaje-info\proiecte_cv\bank_system1.0\bank_system1.0\x64\debug\bank_system1.0.ilk
c:\users\elena\onedrive\documente\limbaje-info\proiecte_cv\bank_system1.0\bank_system1.0\x64\debug\bank_system1.0.tlog\bank_system1.0.write.1u.tlog
c:\users\elena\onedrive\documente\limbaje-info\proiecte_cv\bank_system1.0\bank_system1.0\x64\debug\bank_system1.0.tlog\cl.command.1.tlog
c:\users\elena\onedrive\documente\limbaje-info\proiecte_cv\bank_system1.0\bank_system1.0\x64\debug\bank_system1.0.tlog\cl.items.tlog
c:\users\elena\onedrive\documente\limbaje-info\proiecte_cv\bank_system1.0\bank_system1.0\x64\debug\bank_system1.0.tlog\cl.read.1.tlog
c:\users\elena\onedrive\documente\limbaje-info\proiecte_cv\bank_system1.0\bank_system1.0\x64\debug\bank_system1.0.tlog\cl.write.1.tlog
c:\users\elena\onedrive\documente\limbaje-info\proiecte_cv\bank_system1.0\bank_system1.0\x64\debug\bank_system1.0.tlog\link.command.1.tlog
c:\users\elena\onedrive\documente\limbaje-info\proiecte_cv\bank_system1.0\bank_system1.0\x64\debug\bank_system1.0.tlog\link.read.1.tlog
c:\users\elena\onedrive\documente\limbaje-info\proiecte_cv\bank_system1.0\bank_system1.0\x64\debug\bank_system1.0.tlog\link.secondary.1.tlog
c:\users\elena\onedrive\documente\limbaje-info\proiecte_cv\bank_system1.0\bank_system1.0\x64\debug\bank_system1.0.tlog\link.write.1.tlog
